<?xml version="1.0" encoding="UTF-8"?>
<!-- Generated by org.testng.reporters.JUnitXMLReporter -->
<testsuite ignored="0" hostname="DESKTOP-8JJHTH4" failures="0" tests="7" name="Test" time="8.994" errors="0" timestamp="2024-09-29T15:13:24 IST">
  <testcase classname="Rivisionrestassured.restassuredrivision.Get" name="get" time="5.332"/>
  <testcase classname="Rivisionrestassured.restassuredrivision.Post" name="post" time="0.824"/>
  <testcase classname="Rivisionrestassured.restassuredrivision.Post" name="post" time="0.615"/>
  <testcase classname="Rivisionrestassured.restassuredrivision.Post" name="post" time="0.598"/>
  <testcase classname="Rivisionrestassured.restassuredrivision.Patch" name="patch" time="0.466"/>
  <testcase classname="Rivisionrestassured.restassuredrivision.Put" name="put" time="0.504"/>
  <testcase classname="Rivisionrestassured.restassuredrivision.Delete" name="delete" time="0.511"/>
</testsuite> <!-- Test -->
