<?xml version="1.0" encoding="UTF-8"?>
<testng-results ignored="0" total="7" passed="7" failed="0" skipped="0">
  <reporter-output>
  </reporter-output>
  <suite started-at="2024-09-29T15:13:15 IST" name="Suite" finished-at="2024-09-29T15:13:24 IST" duration-ms="8994">
    <groups>
    </groups>
    <test started-at="2024-09-29T15:13:15 IST" name="Test" finished-at="2024-09-29T15:13:24 IST" duration-ms="8994">
      <class name="Rivisionrestassured.restassuredrivision.Put">
        <test-method signature="put(java.lang.String)[pri:0, instance:Rivisionrestassured.restassuredrivision.Put@411f53a0]" started-at="2024-09-29T15:13:22 IST" name="put" data-provider="putdata" finished-at="2024-09-29T15:13:23 IST" duration-ms="504" status="PASS">
          <params>
            <param index="0">
              <value>
                <![CDATA[{
    "name": "morpheus",
    "job": "zion resident"
}]]>
              </value>
            </param>
          </params>
          <reporter-output>
          </reporter-output>
        </test-method> <!-- put -->
      </class> <!-- Rivisionrestassured.restassuredrivision.Put -->
      <class name="Rivisionrestassured.restassuredrivision.Patch">
        <test-method signature="patch(java.lang.String)[pri:0, instance:Rivisionrestassured.restassuredrivision.Patch@6b2ea799]" started-at="2024-09-29T15:13:22 IST" name="patch" data-provider="patchData" finished-at="2024-09-29T15:13:22 IST" duration-ms="466" status="PASS">
          <params>
            <param index="0">
              <value>
                <![CDATA[{
    "name": "morpheus",
    "job": "zion resident"
}]]>
              </value>
            </param>
          </params>
          <reporter-output>
          </reporter-output>
        </test-method> <!-- patch -->
      </class> <!-- Rivisionrestassured.restassuredrivision.Patch -->
      <class name="Rivisionrestassured.restassuredrivision.Get">
        <test-method signature="get()[pri:0, instance:Rivisionrestassured.restassuredrivision.Get@443118b0]" started-at="2024-09-29T15:13:15 IST" name="get" finished-at="2024-09-29T15:13:20 IST" duration-ms="5332" status="PASS">
          <reporter-output>
          </reporter-output>
        </test-method> <!-- get -->
      </class> <!-- Rivisionrestassured.restassuredrivision.Get -->
      <class name="Rivisionrestassured.restassuredrivision.Delete">
        <test-method signature="delete()[pri:0, instance:Rivisionrestassured.restassuredrivision.Delete@2b71e916]" started-at="2024-09-29T15:13:23 IST" name="delete" finished-at="2024-09-29T15:13:24 IST" duration-ms="511" status="PASS">
          <reporter-output>
          </reporter-output>
        </test-method> <!-- delete -->
      </class> <!-- Rivisionrestassured.restassuredrivision.Delete -->
      <class name="Rivisionrestassured.restassuredrivision.Post">
        <test-method signature="post(java.lang.String)[pri:0, instance:Rivisionrestassured.restassuredrivision.Post@51399530]" started-at="2024-09-29T15:13:20 IST" name="post" data-provider="postdata" finished-at="2024-09-29T15:13:21 IST" duration-ms="824" status="PASS">
          <params>
            <param index="0">
              <value>
                <![CDATA[{
    "name": "Divya",
    "job": "Pandey"
}]]>
              </value>
            </param>
          </params>
          <reporter-output>
          </reporter-output>
        </test-method> <!-- post -->
        <test-method signature="post(java.lang.String)[pri:0, instance:Rivisionrestassured.restassuredrivision.Post@51399530]" started-at="2024-09-29T15:13:21 IST" name="post" data-provider="postdata" finished-at="2024-09-29T15:13:21 IST" duration-ms="615" status="PASS">
          <params>
            <param index="0">
              <value>
                <![CDATA[{
    "name": "Harsh",
    "job": "Kumar"
}]]>
              </value>
            </param>
          </params>
          <reporter-output>
          </reporter-output>
        </test-method> <!-- post -->
        <test-method signature="post(java.lang.String)[pri:0, instance:Rivisionrestassured.restassuredrivision.Post@51399530]" started-at="2024-09-29T15:13:21 IST" name="post" data-provider="postdata" finished-at="2024-09-29T15:13:22 IST" duration-ms="598" status="PASS">
          <params>
            <param index="0">
              <value>
                <![CDATA[{
    "name": "Himanshu",
    "job": "Pandey"
}]]>
              </value>
            </param>
          </params>
          <reporter-output>
          </reporter-output>
        </test-method> <!-- post -->
      </class> <!-- Rivisionrestassured.restassuredrivision.Post -->
    </test> <!-- Test -->
  </suite> <!-- Suite -->
</testng-results>
